2026-03-01 15:50:34 - 実行開始

============================================================
  🏠 東京不動産価格トラッカー - エリア選択
============================================================

📍 エリアグループ:
  1. 都心3区: 千代田区, 中央区, 港区
  2. 副都心4区: 新宿区, 渋谷区, 豊島区, 文京区
  3. 城南エリア: 品川区, 目黒区, 大田区, 世田谷区
  4. 城西エリア: 中野区, 杉並区, 練馬区
  5. 城北エリア: 北区, 荒川区, 板橋区, 足立区
  6. 城東エリア: 台東区, 墨田区, 江東区, 葛飾区, 江戸川区
  7. 多摩主要市: 八王子市, 立川市, 武蔵野市, 三鷹市, 府中市, 調布市, 町田市

  8. 23区すべて
  9. 個別選択

選択してください (1-9): 
✅ 選択: 23区すべて

🏠 不動産価格データ収集開始: 2026-03-01
   対象エリア: 千代田区, 中央区, 港区, 新宿区, 文京区, 台東区, 墨田区, 江東区, 品川区, 目黒区, 大田区, 世田谷区, 渋谷区, 中野区, 杉並区, 豊島区, 北区, 荒川区, 板橋区, 練馬区, 足立区, 葛飾区, 江戸川区 (23エリア)
   カテゴリ: 新築マンション / 中古マンション / 賃貸
   API呼び出し予定: 92回


==================================================
[1/23] 📍 千代田区 (コード: 13101)
==================================================
  🏢 賃貸データ収集中... 2026-03-01 15:55:53 - 実行開始

============================================================
  🏠 東京不動産価格トラッカー - エリア選択
============================================================

📍 エリアグループ:
  1. 都心3区: 千代田区, 中央区, 港区
  2. 副都心4区: 新宿区, 渋谷区, 豊島区, 文京区
  3. 城南エリア: 品川区, 目黒区, 大田区, 世田谷区
  4. 城西エリア: 中野区, 杉並区, 練馬区
  5. 城北エリア: 北区, 荒川区, 板橋区, 足立区
  6. 城東エリア: 台東区, 墨田区, 江東区, 葛飾区, 江戸川区
  7. 多摩主要市: 八王子市, 立川市, 武蔵野市, 三鷹市, 府中市, 調布市, 町田市

  8. 23区すべて
  9. 個別選択

選択してください (1-9): 
✅ 選択: 城西エリア (中野区, 杉並区, 練馬区)

🏠 不動産価格データ収集開始: 2026-03-01
   対象エリア: 中野区, 杉並区, 練馬区 (3エリア)
   カテゴリ: 新築マンション / 中古マンション / 賃貸
   API呼び出し予定: 12回


==================================================
[1/3] 📍 中野区 (コード: 13114)
==================================================
  🏢 賃貸データ収集中... ✅ 0件
  ⏳ 60秒待機中...
  🏗️ 新築マンションデータ収集中... ✅ 0件
  ⏳ 60秒待機中...
  🏠 中古マンションデータ収集中... 